[    0.000000] Initializing cgroup subsys cpuset
[    0.000000] Initializing cgroup subsys cpu
[    0.000000] Initializing cgroup subsys cpuacct
[    0.000000] Linux version 4.4.0-128-generic (buildd@lcy01-amd64-019) (gcc version 5.4.0 20160609 (Ubuntu 5.4.0-6ubuntu1~16.04.9) ) #154-Ubuntu SMP Fri May 25 14:15:18 UTC 2018 (Ubuntu 4.4.0-128.154-generic 4.4.131)
[    0.000000] Command line: BOOT_IMAGE=/boot/vmlinuz-4.4.0-128-generic root=LABEL=cloudimg-rootfs ro console=tty1 console=ttyS0
[    0.000000] KERNEL supported cpus:
[    0.000000]   Intel GenuineIntel
[    0.000000]   AMD AuthenticAMD
[    0.000000]   Centaur CentaurHauls
[    0.000000] x86/fpu: xstate_offset[2]:  576, xstate_sizes[2]:  256
[    0.000000] x86/fpu: Supporting XSAVE feature 0x01: 'x87 floating point registers'
[    0.000000] x86/fpu: Supporting XSAVE feature 0x02: 'SSE registers'
[    0.000000] x86/fpu: Supporting XSAVE feature 0x04: 'AVX registers'
[    0.000000] x86/fpu: Enabled xstate features 0x7, context size is 832 bytes, using 'standard' format.
[    0.000000] x86/fpu: Using 'lazy' FPU context switches.
[    0.000000] e820: BIOS-provided physical RAM map:
[    0.000000] BIOS-e820: [mem 0x0000000000000000-0x000000000009fbff] usable
[    0.000000] BIOS-e820: [mem 0x000000000009fc00-0x000000000009ffff] reserved
[    0.000000] BIOS-e820: [mem 0x00000000000f0000-0x00000000000fffff] reserved
[    0.000000] BIOS-e820: [mem 0x0000000000100000-0x000000003ffeffff] usable
[    0.000000] BIOS-e820: [mem 0x000000003fff0000-0x000000003fffffff] ACPI data
[    0.000000] BIOS-e820: [mem 0x00000000fec00000-0x00000000fec00fff] reserved
[    0.000000] BIOS-e820: [mem 0x00000000fee00000-0x00000000fee00fff] reserved
[    0.000000] BIOS-e820: [mem 0x00000000fffc0000-0x00000000ffffffff] reserved
[    0.000000] NX (Execute Disable) protection: active
[    0.000000] SMBIOS 2.5 present.
[    0.000000] Hypervisor detected: KVM
[    0.000000] e820: last_pfn = 0x3fff0 max_arch_pfn = 0x400000000
[    0.000000] MTRR: Disabled
[    0.000000] x86/PAT: MTRRs disabled, skipping PAT initialization too.
[    0.000000] CPU MTRRs all blank - virtualized system.
[    0.000000] x86/PAT: Configuration [0-7]: WB  WT  UC- UC  WB  WT  UC- UC  
[    0.000000] found SMP MP-table at [mem 0x0009fff0-0x0009ffff] mapped at [ffff88000009fff0]
[    0.000000] Scanning 1 areas for low memory corruption
[    0.000000] RAMDISK: [mem 0x36aa2000-0x37548fff]
[    0.000000] ACPI: Early table checksum verification disabled
[    0.000000] ACPI: RSDP 0x00000000000E0000 000024 (v02 VBOX  )
[    0.000000] ACPI: XSDT 0x000000003FFF0030 00003C (v01 VBOX   VBOXXSDT 00000001 ASL  00000061)
[    0.000000] ACPI: FACP 0x000000003FFF00F0 0000F4 (v04 VBOX   VBOXFACP 00000001 ASL  00000061)
[    0.000000] ACPI: DSDT 0x000000003FFF0470 0021FF (v02 VBOX   VBOXBIOS 00000002 INTL 20100528)
[    0.000000] ACPI: FACS 0x000000003FFF0200 000040
[    0.000000] ACPI: FACS 0x000000003FFF0200 000040
[    0.000000] ACPI: APIC 0x000000003FFF0240 00005C (v02 VBOX   VBOXAPIC 00000001 ASL  00000061)
[    0.000000] ACPI: SSDT 0x000000003FFF02A0 0001CC (v01 VBOX   VBOXCPUT 00000002 INTL 20100528)
[    0.000000] No NUMA configuration found
[    0.000000] Faking a node at [mem 0x0000000000000000-0x000000003ffeffff]
[    0.000000] NODE_DATA(0) allocated [mem 0x3ffeb000-0x3ffeffff]
[    0.000000] kvm-clock: Using msrs 4b564d01 and 4b564d00
[    0.000000] kvm-clock: cpu 0, msr 0:3ffe3001, primary cpu clock
[    0.000000] kvm-clock: using sched offset of 3599882124 cycles
[    0.000000] clocksource: kvm-clock: mask: 0xffffffffffffffff max_cycles: 0x1cd42e4dffb, max_idle_ns: 881590591483 ns
[    0.000000] Zone ranges:
[    0.000000]   DMA      [mem 0x0000000000001000-0x0000000000ffffff]
[    0.000000]   DMA32    [mem 0x0000000001000000-0x000000003ffeffff]
[    0.000000]   Normal   empty
[    0.000000]   Device   empty
[    0.000000] Movable zone start for each node
[    0.000000] Early memory node ranges
[    0.000000]   node   0: [mem 0x0000000000001000-0x000000000009efff]
[    0.000000]   node   0: [mem 0x0000000000100000-0x000000003ffeffff]
[    0.000000] Initmem setup node 0 [mem 0x0000000000001000-0x000000003ffeffff]
[    0.000000] ACPI: PM-Timer IO Port: 0x4008
[    0.000000] IOAPIC[0]: apic_id 2, version 32, address 0xfec00000, GSI 0-23
[    0.000000] ACPI: INT_SRC_OVR (bus 0 bus_irq 0 global_irq 2 dfl dfl)
[    0.000000] ACPI: INT_SRC_OVR (bus 0 bus_irq 9 global_irq 9 high level)
[    0.000000] Using ACPI (MADT) for SMP configuration information
[    0.000000] smpboot: Allowing 2 CPUs, 0 hotplug CPUs
[    0.000000] PM: Registered nosave memory: [mem 0x00000000-0x00000fff]
[    0.000000] PM: Registered nosave memory: [mem 0x0009f000-0x0009ffff]
[    0.000000] PM: Registered nosave memory: [mem 0x000a0000-0x000effff]
[    0.000000] PM: Registered nosave memory: [mem 0x000f0000-0x000fffff]
[    0.000000] e820: [mem 0x40000000-0xfebfffff] available for PCI devices
[    0.000000] Booting paravirtualized kernel on KVM
[    0.000000] clocksource: refined-jiffies: mask: 0xffffffff max_cycles: 0xffffffff, max_idle_ns: 7645519600211568 ns
[    0.000000] setup_percpu: NR_CPUS:512 nr_cpumask_bits:512 nr_cpu_ids:2 nr_node_ids:1
[    0.000000] PERCPU: Embedded 34 pages/cpu @ffff88003fc00000 s99544 r8192 d31528 u1048576
[    0.000000] PV qspinlock hash table entries: 256 (order: 0, 4096 bytes)
[    0.000000] Built 1 zonelists in Node order, mobility grouping on.  Total pages: 257912
[    0.000000] Policy zone: DMA32
[    0.000000] Kernel command line: BOOT_IMAGE=/boot/vmlinuz-4.4.0-128-generic root=LABEL=cloudimg-rootfs ro console=tty1 console=ttyS0
[    0.000000] PID hash table entries: 4096 (order: 3, 32768 bytes)
[    0.000000] Memory: 1001612K/1048120K available (8541K kernel code, 1313K rwdata, 4000K rodata, 1512K init, 1316K bss, 46508K reserved, 0K cma-reserved)
[    0.000000] SLUB: HWalign=64, Order=0-3, MinObjects=0, CPUs=2, Nodes=1
[    0.000000] Kernel/User page tables isolation: enabled
[    0.000000] Hierarchical RCU implementation.
[    0.000000] 	Build-time adjustment of leaf fanout to 64.
[    0.000000] 	RCU restricting CPUs from NR_CPUS=512 to nr_cpu_ids=2.
[    0.000000] RCU: Adjusting geometry for rcu_fanout_leaf=64, nr_cpu_ids=2
[    0.000000] NR_IRQS:33024 nr_irqs:440 16
[    0.000000] Console: colour VGA+ 80x25
[    0.000000] console [tty1] enabled
[    0.000000] console [ttyS0] enabled
[    0.000000] tsc: Detected 2194.922 MHz processor
[    6.061903] Calibrating delay loop (skipped) preset value.. 4389.84 BogoMIPS (lpj=8779688)
[    6.176007] pid_max: default: 32768 minimum: 301
[    6.199517] ACPI: Core revision 20150930
[    6.238532] ACPI: 2 ACPI AML tables successfully acquired and loaded
[    6.302965] Security Framework initialized
[    6.309297] Yama: becoming mindful.
[    6.345267] AppArmor: AppArmor initialized
[    6.410107] Dentry cache hash table entries: 131072 (order: 8, 1048576 bytes)
[    6.465101] Inode-cache hash table entries: 65536 (order: 7, 524288 bytes)
[    6.529306] Mount-cache hash table entries: 2048 (order: 2, 16384 bytes)
[    6.652295] Mountpoint-cache hash table entries: 2048 (order: 2, 16384 bytes)
[    6.732668] Initializing cgroup subsys io
[    6.800776] Initializing cgroup subsys memory
[    6.833903] Initializing cgroup subsys devices
[    6.909217] Initializing cgroup subsys freezer
[    6.964587] Initializing cgroup subsys net_cls
[    7.041698] Initializing cgroup subsys perf_event
[    7.123737] Initializing cgroup subsys net_prio
[    7.179860] Initializing cgroup subsys hugetlb
[    7.263334] Initializing cgroup subsys pids
[    7.327368] CPU: Physical Processor ID: 0
[    7.387483] CPU: Processor Core ID: 0
[    7.393611] mce: CPU supports 0 MCE banks
[    7.400101] Last level iTLB entries: 4KB 64, 2MB 8, 4MB 8
[    7.411896] Last level dTLB entries: 4KB 64, 2MB 0, 4MB 0, 1GB 4
[    7.413433] Spectre V2 : Mitigation: Full generic retpoline
[    7.424752] Spectre V2 : Speculation control IBPB not-supported IBRS not-supported
[    7.455439] Speculative Store Bypass: Vulnerable
[    7.468426] Freeing SMP alternatives memory: 32K
[    7.489404] ftrace: allocating 32236 entries in 126 pages
[    7.628948] smpboot: APIC(0) Converting physical 0 to logical package 0
[    7.666960] smpboot: Max logical packages: 1
[    7.718397] x2apic enabled
[    7.738043] Switched APIC routing to physical x2apic.
[    7.791908] ..TIMER: vector=0x30 apic1=0 pin1=2 apic2=-1 pin2=-1
[    7.997234] smpboot: CPU0: Intel(R) Core(TM) i5-5200U CPU @ 2.20GHz (family: 0x6, model: 0x3d, stepping: 0x4)
[    8.145889] Performance Events: unsupported p6 CPU model 61 no PMU driver, software events only.
[    8.302066] KVM setup paravirtual spinlock
[    8.344914] x86: Booting SMP configuration:
[    8.387374] .... node  #0, CPUs:      #1
[    8.446578] kvm-clock: cpu 1, msr 0:3ffe3041, secondary cpu clock
[    8.465003] mce: CPU supports 0 MCE banks
[    8.485359] x86: Booted up 1 node, 2 CPUs
[    8.502223] smpboot: Total of 2 processors activated (8779.68 BogoMIPS)
[    8.566503] devtmpfs: initialized
[    8.631557] evm: security.selinux
[    8.664451] evm: security.SMACK64
[    8.665268] evm: security.SMACK64EXEC
[    8.723882] evm: security.SMACK64TRANSMUTE
[    8.785400] evm: security.SMACK64MMAP
[    8.832484] evm: security.ima
[    8.863517] evm: security.capability
[    8.870767] clocksource: jiffies: mask: 0xffffffff max_cycles: 0xffffffff, max_idle_ns: 7645041785100000 ns
[    8.880580] futex hash table entries: 512 (order: 3, 32768 bytes)
[    8.897304] pinctrl core: initialized pinctrl subsystem
[    8.985764] RTC time:  0:58:00, date: 06/18/18
[    9.068790] NET: Registered protocol family 16
[    9.177669] cpuidle: using governor ladder
[    9.256734] cpuidle: using governor menu
[    9.341947] PCCT header not found.
[    9.424000] ACPI: bus type PCI registered
[    9.504974] acpiphp: ACPI Hot Plug PCI Controller Driver version: 0.5
[    9.588923] PCI: Using configuration type 1 for base access
[    9.607303] ACPI: Added _OSI(Module Device)
[    9.645065] ACPI: Added _OSI(Processor Device)
[    9.733472] ACPI: Added _OSI(3.0 _SCP Extensions)
[    9.825789] ACPI: Added _OSI(Processor Aggregator Device)
[    9.909075] ACPI: Executed 1 blocks of module-level executable AML code
[   10.029425] ACPI: Interpreter enabled
[   10.097705] ACPI: (supports S0 S5)
[   10.162058] ACPI: Using IOAPIC for interrupt routing
[   10.248171] PCI: Using host bridge windows from ACPI; if necessary, use "pci=nocrs" and report a bug
[   10.456337] ACPI: PCI Root Bridge [PCI0] (domain 0000 [bus 00-ff])
[   10.582025] acpi PNP0A03:00: _OSC: OS supports [ASPM ClockPM Segments MSI]
[   10.666323] acpi PNP0A03:00: _OSC: not requesting OS control; OS requires [ExtendedConfig ASPM ClockPM MSI]
[   10.685635] acpi PNP0A03:00: fail to add MMCONFIG information, can't access extended PCI configuration space under this bridge.
[   10.692336] PCI host bridge to bus 0000:00
[   10.712274] pci_bus 0000:00: root bus resource [io  0x0000-0x0cf7 window]
[   10.763546] pci_bus 0000:00: root bus resource [io  0x0d00-0xffff window]
[   10.877902] pci_bus 0000:00: root bus resource [mem 0x000a0000-0x000bffff window]
[   11.020591] pci_bus 0000:00: root bus resource [mem 0x40000000-0xffdfffff window]
[   11.132964] pci_bus 0000:00: root bus resource [bus 00-ff]
[   11.226206] pci 0000:00:01.1: legacy IDE quirk: reg 0x10: [io  0x01f0-0x01f7]
[   11.381597] pci 0000:00:01.1: legacy IDE quirk: reg 0x14: [io  0x03f6]
[   11.518336] pci 0000:00:01.1: legacy IDE quirk: reg 0x18: [io  0x0170-0x0177]
[   11.650696] pci 0000:00:01.1: legacy IDE quirk: reg 0x1c: [io  0x0376]
[   11.764005] pci 0000:00:07.0: quirk: [io  0x4000-0x403f] claimed by PIIX4 ACPI
[   11.858248] pci 0000:00:07.0: quirk: [io  0x4100-0x410f] claimed by PIIX4 SMB
[   12.038545] ACPI: PCI Interrupt Link [LNKA] (IRQs 5 9 10 *11)
[   12.118849] ACPI: PCI Interrupt Link [LNKB] (IRQs 5 9 10 *11)
[   12.209866] ACPI: PCI Interrupt Link [LNKC] (IRQs 5 9 *10 11)
[   12.277874] ACPI: PCI Interrupt Link [LNKD] (IRQs 5 *9 10 11)
[   12.392234] ACPI: Enabled 2 GPEs in block 00 to 07
[   12.489168] vgaarb: setting as boot device: PCI:0000:00:02.0
[   12.514812] vgaarb: device added: PCI:0000:00:02.0,decodes=io+mem,owns=io+mem,locks=none
[   12.523560] vgaarb: loaded
[   12.554999] vgaarb: bridge control possible 0000:00:02.0
[   12.603803] SCSI subsystem initialized
[   12.605746] ACPI: bus type USB registered
[   12.613418] usbcore: registered new interface driver usbfs
[   12.662022] usbcore: registered new interface driver hub
[   12.751360] usbcore: registered new device driver usb
[   12.762477] PCI: Using ACPI for IRQ routing
[   12.780346] NetLabel: Initializing
[   12.798180] NetLabel:  domain hash size = 128
[   12.799111] NetLabel:  protocols = UNLABELED CIPSOv4
[   12.800161] NetLabel:  unlabeled traffic allowed by default
[   12.811230] amd_nb: Cannot enumerate AMD northbridges
[   12.865696] clocksource: Switched to clocksource kvm-clock
[   12.889365] AppArmor: AppArmor Filesystem Enabled
[   12.991588] pnp: PnP ACPI init
[   13.073333] pnp: PnP ACPI: found 3 devices
[   13.166475] clocksource: acpi_pm: mask: 0xffffff max_cycles: 0xffffff, max_idle_ns: 2085701024 ns
[   13.251405] NET: Registered protocol family 2
[   13.252569] TCP established hash table entries: 8192 (order: 4, 65536 bytes)
[   13.294926] TCP bind hash table entries: 8192 (order: 5, 131072 bytes)
[   13.296194] TCP: Hash tables configured (established 8192 bind 8192)
[   13.297433] UDP hash table entries: 512 (order: 2, 16384 bytes)
[   13.423067] UDP-Lite hash table entries: 512 (order: 2, 16384 bytes)
[   13.615621] NET: Registered protocol family 1
[   13.635328] pci 0000:00:00.0: Limiting direct PCI/PCI transfers
[   13.636553] pci 0000:00:01.0: Activating ISA DMA hang workarounds
[   13.637930] Unpacking initramfs...
[   15.658823] Freeing initrd memory: 10908K
[   15.761442] RAPL PMU detected, API unit is 2^-32 Joules, 4 fixed counters 10737418240 ms ovfl timer
[   16.000268] hw unit of domain pp0-core 2^-0 Joules
[   16.122812] hw unit of domain package 2^-0 Joules
[   16.129776] hw unit of domain dram 2^-0 Joules
[   16.138038] hw unit of domain pp1-gpu 2^-0 Joules
[   16.165021] platform rtc_cmos: registered platform RTC device (no PNP device found)
[   16.239110] Scanning for low memory corruption every 60 seconds
[   16.294372] audit: initializing netlink subsys (disabled)
[   16.311466] audit: type=2000 audit(1529283480.642:1): initialized
[   16.312986] Initialise system trusted keyring
[   16.315545] HugeTLB registered 2 MB page size, pre-allocated 0 pages
[   16.337294] zbud: loaded
[   16.350782] VFS: Disk quotas dquot_6.6.0
[   16.353387] VFS: Dquot-cache hash table entries: 512 (order 0, 4096 bytes)
[   16.359682] squashfs: version 4.0 (2009/01/31) Phillip Lougher
[   16.394934] fuse init (API version 7.23)
[   16.439158] Key type big_key registered
[   16.440055] Allocating IMA MOK and blacklist keyrings.
[   16.442788] Key type asymmetric registered
[   16.504343] Asymmetric key parser 'x509' registered
[   16.568137] Block layer SCSI generic (bsg) driver version 0.4 loaded (major 249)
[   16.596240] io scheduler noop registered
[   16.600381] io scheduler deadline registered (default)
[   16.634286] io scheduler cfq registered
[   16.639606] pci_hotplug: PCI Hot Plug PCI Core version: 0.5
[   16.640724] pciehp: PCI Express Hot Plug Controller Driver version: 0.4
[   16.642167] ACPI: AC Adapter [AC] (on-line)
[   16.644409] input: Power Button as /devices/LNXSYSTM:00/LNXPWRBN:00/input/input0
[   16.697856] ACPI: Power Button [PWRF]
[   16.726255] input: Sleep Button as /devices/LNXSYSTM:00/LNXSLPBN:00/input/input1
[   16.729791] ACPI: Sleep Button [SLPF]
[   16.731172] GHES: HEST is not enabled!
[   16.735087] ACPI: Battery Slot [BAT0] (battery present)
[   16.816941] Serial: 8250/16550 driver, 32 ports, IRQ sharing enabled
[   16.911121] 00:02: ttyS0 at I/O 0x3f8 (irq = 4, base_baud = 115200) is a 16550A
[   17.039837] Linux agpgart interface v0.103
[   17.105456] loop: module loaded
[   17.132306] scsi host0: ata_piix
[   17.169228] tsc: Refined TSC clocksource calibration: 2196.069 MHz
[   17.184776] clocksource: tsc: mask: 0xffffffffffffffff max_cycles: 0x1fa7b159299, max_idle_ns: 440795246514 ns
[   17.184963] scsi host1: ata_piix
[   17.185020] ata1: PATA max UDMA/33 cmd 0x1f0 ctl 0x3f6 bmdma 0xd000 irq 14
[   17.185022] ata2: PATA max UDMA/33 cmd 0x170 ctl 0x376 bmdma 0xd008 irq 15
[   17.185151] libphy: Fixed MDIO Bus: probed
[   17.185154] tun: Universal TUN/TAP device driver, 1.6
[   17.185154] tun: (C) 1999-2004 Max Krasnyansky <maxk@qualcomm.com>
[   17.214851] PPP generic driver version 2.4.2
[   17.214953] ehci_hcd: USB 2.0 'Enhanced' Host Controller (EHCI) Driver
[   17.214960] ehci-pci: EHCI PCI platform driver
[   17.214986] ehci-platform: EHCI generic platform driver
[   17.215001] ohci_hcd: USB 1.1 'Open' Host Controller (OHCI) Driver
[   17.215006] ohci-pci: OHCI PCI platform driver
[   17.215020] ohci-platform: OHCI generic platform driver
[   17.215033] uhci_hcd: USB Universal Host Controller Interface driver
[   17.215129] i8042: PNP: PS/2 Controller [PNP0303:PS2K,PNP0f03:PS2M] at 0x60,0x64 irq 1,12
[   17.215789] serio: i8042 KBD port at 0x60,0x64 irq 1
[   17.215798] serio: i8042 AUX port at 0x60,0x64 irq 12
[   17.215993] mousedev: PS/2 mouse device common for all mice
[   17.216479] input: AT Translated Set 2 keyboard as /devices/platform/i8042/serio0/input/input2
[   17.216971] rtc_cmos rtc_cmos: rtc core: registered rtc_cmos as rtc0
[   17.217098] rtc_cmos rtc_cmos: alarms up to one day, 114 bytes nvram
[   17.217112] i2c /dev entries driver
[   17.217202] device-mapper: uevent: version 1.0.3
[   17.217303] device-mapper: ioctl: 4.34.0-ioctl (2015-10-28) initialised: dm-devel@redhat.com
[   17.217328] ledtrig-cpu: registered to indicate activity on CPUs
[   17.217814] NET: Registered protocol family 10
[   17.218062] NET: Registered protocol family 17
[   17.218078] Key type dns_resolver registered
[   17.218509] registered taskstats version 1
[   17.218555] Loading compiled-in X.509 certificates
[   17.219593] Loaded X.509 cert 'Build time autogenerated kernel key: fc7b57a7df019f2655f66a8a374d74ee8f4999fc'
[   17.219639] zswap: loaded using pool lzo/zbud
[   17.222389] Key type trusted registered
[   17.227796] Key type encrypted registered
[   17.227807] AppArmor: AppArmor sha1 policy hashing enabled
[   17.227813] ima: No TPM chip found, activating TPM-bypass!
[   17.227850] evm: HMAC attrs: 0x1
[   17.228261]   Magic number: 6:790:961
[   17.262632] rtc_cmos rtc_cmos: setting system clock to 2018-06-18 00:58:08 UTC (1529283488)
[   17.262804] BIOS EDD facility v0.16 2004-Jun-25, 0 devices found
[   17.262805] EDD information not available.
[   18.788582] Freeing unused kernel memory: 1512K
[   18.927375] Write protecting the kernel read-only data: 14336k
[   19.035685] Freeing unused kernel memory: 1688K
[   19.173950] Freeing unused kernel memory: 96K
Loading, please [   19.313420] random: systemd-udevd: uninitialized urandom read (16 bytes read, 7 bits of entropy available)
wait...
startin[   19.314321] random: udevadm: uninitialized urandom read (16 bytes read, 7 bits of entropy available)
g version 229
[   19.314348] random: udevadm: uninitialized urandom read (16 bytes read, 7 bits of entropy available)
[   19.332477] random: udevadm: uninitialized urandom read (16 bytes read, 7 bits of entropy available)
[   19.332551] random: udevadm: uninitialized urandom read (16 bytes read, 7 bits of entropy available)
[   19.332799] random: udevadm: uninitialized urandom read (16 bytes read, 7 bits of entropy available)
[   19.332956] random: udevadm: uninitialized urandom read (16 bytes read, 7 bits of entropy available)
[   19.333052] random: udevadm: uninitialized urandom read (16 bytes read, 7 bits of entropy available)
[   19.333152] random: udevadm: uninitialized urandom read (16 bytes read, 7 bits of entropy available)
[   19.333243] random: udevadm: uninitialized urandom read (16 bytes read, 7 bits of entropy available)
[   20.543326] e1000: Intel(R) PRO/1000 Network Driver - version 7.3.21-k8-NAPI
[   20.560127] e1000: Copyright (c) 1999-2006 Intel Corporation.
[   20.589604] Fusion MPT base driver 3.04.20
[   20.599012] Copyright (c) 1999-2008 LSI Corporation
[   20.624949] AVX version of gcm_enc/dec engaged.
[   20.642406] AES CTR mode by8 optimization enabled
[   20.667511] Fusion MPT SPI Host driver 3.04.20
[   20.883166] input: ImExPS/2 Generic Explorer Mouse as /devices/platform/i8042/serio1/input/input4
[   20.971213] e1000 0000:00:03.0 eth0: (PCI:33MHz:32-bit) 02:b0:72:86:cc:22
[   20.971217] e1000 0000:00:03.0 eth0: Intel(R) PRO/1000 Network Connection
[   21.041720] mptbase: ioc0: Initiating bringup
[   21.046032] e1000 0000:00:03.0 enp0s3: renamed from eth0
[   21.102695] ioc0: LSI53C1030 A0: Capabilities={Initiator}
[   21.264348] scsi host2: ioc0: LSI53C1030 A0, FwRev=00000000h, Ports=1, MaxQ=256, IRQ=20
[   21.538422] scsi 2:0:0:0: Direct-Access     VBOX     HARDDISK         1.0  PQ: 0 ANSI: 5
[   21.562143] scsi target2:0:0: Beginning Domain Validation
[   21.582050] scsi target2:0:0: Domain Validation skipping write tests
[   21.593130] scsi target2:0:0: Ending Domain Validation
[   21.610989] scsi target2:0:0: asynchronous
[   21.618098] scsi 2:0:1:0: Direct-Access     VBOX     HARDDISK         1.0  PQ: 0 ANSI: 5
[   21.709544] scsi target2:0:1: Beginning Domain Validation
[   21.730873] scsi target2:0:1: Domain Validation skipping write tests
[   21.815648] scsi target2:0:1: Ending Domain Validation
[   21.895812] scsi target2:0:1: asynchronous
[   21.905367] sd 2:0:0:0: [sda] 20971520 512-byte logical blocks: (10.7 GB/10.0 GiB)
[   21.905455] sd 2:0:0:0: Attached scsi generic sg0 type 0
[   21.921188] sd 2:0:0:0: [sda] Write Protect is off
[   21.937316] sd 2:0:1:0: [sdb] 20480 512-byte logical blocks: (10.5 MB/10.0 MiB)
[   21.937317] sd 2:0:1:0: Attached scsi generic sg1 type 0
[   22.144730] sd 2:0:0:0: [sda] Incomplete mode parameter data
[   22.217918] sd 2:0:0:0: [sda] Assuming drive cache: write through
[   22.218152] sd 2:0:1:0: [sdb] Write Protect is off
[   22.218248] sd 2:0:1:0: [sdb] Incomplete mode parameter data
[   22.218249] sd 2:0:1:0: [sdb] Assuming drive cache: write through
[   22.321197] sd 2:0:1:0: [sdb] Attached SCSI disk
[   22.628632]  sda: sda1
[   22.650268] sd 2:0:0:0: [sda] Attached SCSI disk
Begin: Loading e[   24.119611] md: linear personality registered for level -1
ssential drivers ... [   24.189713] md: multipath personality registered for level -4
[   24.223849] md: raid0 personality registered for level 0
[   24.239038] md: raid1 personality registered for level 1
[   24.401960] raid6: sse2x1   gen()  7487 MB/s
[   24.502022] raid6: sse2x1   xor()  5962 MB/s
[   24.642159] raid6: sse2x2   gen()  9844 MB/s
[   24.761744] raid6: sse2x2   xor()  6612 MB/s
[   24.885825] raid6: sse2x4   gen() 10604 MB/s
[   24.954068] raid6: sse2x4   xor()  6720 MB/s
[   25.026736] raid6: using algorithm sse2x4 gen() 10604 MB/s
[   25.067763] raid6: .... xor() 6720 MB/s, rmw enabled
[   25.142981] raid6: using ssse3x2 recovery algorithm
[   25.222690] xor: automatically using best checksumming function:
[   25.398320]    avx       : 18534.000 MB/sec
[   25.488074] async_tx: api initialized (async)
[   25.539590] md: raid6 personality registered for level 6
[   25.550309] md: raid5 personality registered for level 5
[   25.551386] md: raid4 personality registered for level 4
[   25.560138] md: raid10 personality registered for level 10
done.
Begin: Running /scripts/init-premount ... done.[   25.602780] Btrfs loaded

Begin: Mounting root file system ... Begin: Running /scripts/local-top ... done.
Begin: Runnin[   25.684149] EXT4-fs (sda1): INFO: recovery required on readonly filesystem
g /scripts/local[   25.731416] EXT4-fs (sda1): write access will be enabled during recovery
-premount ... Scanning for Btrfs filesystems
done.
Warning: fsck not present, so skipping root file system
[   26.112781] EXT4-fs (sda1): recovery complete
[   26.124717] EXT4-fs (sda1): mounted filesystem with ordered data mode. Opts: (null)
done.
Begin: Running /scripts/local-bottom ... done.
Begin: Running /scripts/init-bottom ... done.
[   26.239042] systemd[1]: systemd 229 running in system mode. (+PAM +AUDIT +SELINUX +IMA +APPARMOR +SMACK +SYSVINIT +UTMP +LIBCRYPTSETUP +GCRYPT +GNUTLS +ACL +XZ -LZ4 +SECCOMP +BLKID +ELFUTILS +KMOD -IDN)
[   26.519895] systemd[1]: Detected virtualization oracle.
[   26.631916] systemd[1]: Detected architecture x86-64.

Welcome to [1mUbuntu 16.04.4 LTS[0m!

[   26.798978] random: nonblocking pool is initialized
[   26.931076] systemd[1]: Set hostname to <ubuntu-xenial>.
[   27.146172] systemd[1]: Reached target Swap.
[[0;32m  OK  [0m] Reached target Swap.
[   27.194234] systemd[1]: Listening on /dev/initctl Compatibility Named Pipe.
[[0;32m  OK  [0m] Listening on /dev/initctl Compatibility Named Pipe.
[   27.232531] systemd[1]: Started Forward Password Requests to Wall Directory Watch.
[[0;32m  OK  [0m] Started Forward Password Requests to Wall Directory Watch.
[   27.235934] systemd[1]: Listening on LVM2 poll daemon socket.
[[0;32m  OK  [0m] Listening on LVM2 poll daemon socket.
[   27.238596] systemd[1]: Listening on udev Kernel Socket.
[[0;32m  OK  [0m] Listening on udev Kernel Socket.
[   27.241532] systemd[1]: Created slice System Slice.
[[0;32m  OK  [0m] Created slice System Slice.
[   27.250976] systemd[1]: Created slice system-serial\x2dgetty.slice.
[[0;32m  OK  [0m] Created slice system-serial\x2dgetty.slice.
[   27.253854] systemd[1]: Listening on Journal Socket (/dev/log).
[[0;32m  OK  [0m] Listening on Journal Socket (/dev/log).
[   27.263465] systemd[1]: Set up automount Arbitrary Executable File Formats File System Automount Point.
[[0;32m  OK  [0m] Set up automount Arbitrary Executab...ats File System Automount Point.
[   27.358383] systemd[1]: Listening on Device-mapper event daemon FIFOs.
[[0;32m  OK  [0m] Listening on Device-mapper event daemon FIFOs.
[   27.548469] systemd[1]: Started Trigger resolvconf update for networkd DNS.
[[0;32m  OK  [0m] Started Trigger resolvconf update for networkd DNS.
[   27.734334] systemd[1]: Reached target User and Group Name Lookups.
[[0;32m  OK  [0m] Reached target User and Group Name Lookups.
[   27.798719] systemd[1]: Listening on Syslog Socket.
[[0;32m  OK  [0m] Listening on Syslog Socket.
[   27.950161] systemd[1]: Listening on LVM2 metadata daemon socket.
[[0;32m  OK  [0m] Listening on LVM2 metadata daemon socket.
[   28.194091] systemd[1]: Listening on udev Control Socket.
[[0;32m  OK  [0m] Listening on udev Control Socket.
[   28.266515] systemd[1]: Listening on Journal Socket.
[[0;32m  OK  [0m] Listening on Journal Socket.
[   28.418587] systemd[1]: Starting Set console keymap...
         Starting Set console keymap...
[   28.502665] systemd[1]: Starting Uncomplicated firewall...
         Starting Uncomplicated firewall...
[   28.657876] systemd[1]: Mounting POSIX Message Queue File System...
         Mounting POSIX Message Queue File System...
[   28.762345] systemd[1]: Mounting Huge Pages File System...
         Mounting Huge Pages File System...
[   28.901145] systemd[1]: Starting Monitoring of LVM2 mirrors, snapshots etc. using dmeventd or progress polling...
         Starting Monitoring of LVM2 mirrors... dmeventd or progress polling...
[   29.182186] systemd[1]: Starting Remount Root and Kernel File Systems...
         Starting Remount Root and Kernel File Systems...
[   29.298084] EXT4-fs (sda1): re-mounted. Opts: (null)
[   29.304415] systemd[1]: Starting Create list of required static device nodes for the current kernel...
         Starting Create list of required st... nodes for the current kernel...
[   29.395016] systemd[1]: Starting Load Kernel Modules...
         [   29.520686] Loading iSCSI transport class v2.0-870.
Starting Load Kernel Modules...[   29.600430] iscsi: registered transport (tcp)

[   29.661752] systemd[1]: Listening on Journal Audit Socket.
[[0;32m  OK  [0m] Listening on[   29.719341] iscsi: registered transport (iser)
 Journal Audit Socket.
[   29.754454] systemd[1]: Starting Journal Service...
         Starting Journal Service...
[   29.813907] systemd[1]: Reached target Encrypted Volumes.
[[0;32m  OK  [0m] Reached target Encrypted Volumes.
[   29.970056] systemd[1]: Mounting Debug File System...
         Mounting Debug File System...
[   30.094149] systemd[1]: Reached target System Time Synchronized.
[[0;32m  OK  [0m] Reached target System Time Synchronized.
[   30.254703] systemd[1]: Created slice User and Session Slice.
[[0;32m  OK  [0m] Created slice User and Session Slice.
[   30.382084] systemd[1]: Reached target Slices.
[[0;32m  OK  [0m] Reached target Slices.
[   30.438690] systemd[1]: Starting Nameserver information manager...
         Starting Nameserver information manager...
[   30.531526] systemd[1]: Mounted Debug File System.
[[0;32m  OK  [0m] Mounted Debug File System.
[   30.622341] systemd[1]: Mounted POSIX Message Queue File System.
[[0;32m  OK  [0m] Mounted POSIX Message Queue File System.
[   30.770751] systemd[1]: Mounted Huge Pages File System.
[[0;32m  OK  [0m] Mounted Huge Pages File System.
[   30.942707] systemd[1]: Started Journal Service.
[[0;32m  OK  [0m] Started Journal Service.
[[0;32m  OK  [0m] Started Set console keymap.
[[0;32m  OK  [0m] Started Uncomplicated firewall.
[[0;32m  OK  [0m] Started Remount Root and Kernel File Systems.
[[0;32m  OK  [0m] Started Create list of required sta...ce nodes for the current kernel.
[[0;32m  OK  [0m] Started Load Kernel Modules.
[[0;32m  OK  [0m] Started Nameserver information manager.
[[0;32m  OK  [0m] Started LVM2 metadata daemon.
         Mounting FUSE Control File System...
         Starting Apply Kernel Variables...
         Starting Create Static Device Nodes in /dev...
         Starting udev Coldplug all Devices...
         Starting Load/Save Random Seed...
         Starting Flush Journal to Persistent Storage...
[[0;32m  OK  [0m] Mounted FUSE Control File System.
[[0;32m  OK  [0m] Started Monitoring of LVM2 mirrors,...ng dmeventd or progress polling.
[[0;32m  OK  [0m] Started Apply Kernel Variables.
[[0;32m  OK  [0m] Started Create Static Device Nodes in /dev.
[[0;32m  OK  [0m] Started Load/Save Random Seed.
[[0;32m  OK  [0m] Started udev Coldplug all Devices.
[[0;32m  OK  [0m] Started Flush Journal to Persistent Storage.
         Starting udev Kernel Device Manager...
[[0;32m  OK  [0m] Started udev Kernel Device Manager.
[[0;32m  OK  [0m] Reached target Local File Systems (Pre).
[[0;32m  OK  [0m] Reached target Local File Systems.
         Starting Set console font and keymap...
         Starting Create Volatile Files and Directories...
         Starting Initial cloud-init job (pre-networking)...
         Starting LSB: AppArmor initialization...
         Starting Tell Plymouth To Write Out Runtime Data...
[[0;32m  OK  [0m] Started Dispatch Password Requests to Console Directory Watch.
[[0;32m  OK  [0m] Started Create Volatile Files and Directories.
[[0;32m  OK  [0m] Started Tell Plymouth To Write Out Runtime Data.
[[0;32m  OK  [0m] Found device /dev/ttyS0.
[[0;32m  OK  [0m] Started LSB: AppArmor initialization.
[[0;32m  OK  [0m] Listening on Load/Save RF Kill Switch Status /dev/rfkill Watch.
         Starting Update UTMP about System Boot/Shutdown...
[[0;32m  OK  [0m] Started Set console font and keymap.
[[0;32m  OK  [0m] Started Update UTMP about System Boot/Shutdown.
[   22.278708] cloud-init[496]: Cloud-init v. 18.2 running 'init-local' at Mon, 18 Jun 2018 00:58:25 +0000. Up 21.87 seconds.
[[0;32m  OK  [0m] Created slice system-getty.slice.
[[0;32m  OK  [0m] Started Initial cloud-init job (pre-networking).
[[0;32m  OK  [0m] Reached target Network (Pre).
         Starting Raise network interfaces...
[[0;32m  OK  [0m] Started ifup for enp0s3.
[[0;32m  OK  [0m] Started Raise network interfaces.
         Starting Initial cloud-init job (metadata service crawler)...
[[0;32m  OK  [0m] Reached target Network.
[   23.680557] cloud-init[1000]: Cloud-init v. 18.2 running 'init' at Mon, 18 Jun 2018 00:58:26 +0000. Up 23.31 seconds.
[[0;32m  OK  [0m] Started Initial cloud-init job (metadata service crawler).
[[0;32m  OK  [0m] Reached target Cloud-config availability.
[[0;32m  OK  [0m] Reached target System Initialization.
[   23.766248] cloud-init[1000]: ci-info: +++++++++++++++++++++++++++++++++++++Net device info++++++++++++++++++++++++++++++++++++++
[   24.141209] cloud-init[1000]: ci-info: +--------+------+----------------------------+---------------+-------+-------------------+
[   24.296497] cloud-init[1000]: ci-info: | Device |  Up  |          Address           |      Mask     | Scope |     Hw-Address    |
[   24.452637] cloud-init[1000]: ci-info: +--------+------+----------------------------+---------------+-------+-------------------+
[[0;32m  OK  [0m] Started ACPI Events Check.
[[0;32m  OK  [0m] Reached target Paths.
[[0;32m  OK  [0m] Listening on UUID daemon activation socket.
[[   24.627811] cloud-init[1000]: ci-info: | enp0s3 | True |         10.0.2.15          | 255.255.255.0 |   .   | 02:b0:72:86:cc:22 |
[   24.813538] cloud-init[1000]: ci-info: | enp0s3 | True | fe80::b0:72ff:fe86:cc22/64 |       .       |  link | 02:b0:72:86:cc:22 |
[0;32m  OK  [0m] Listening on D-Bus System Message Bus Socket.
         [   24.813743] Starting Socket activation for snappy daemon.cloud-init
[1000]: ci-info: |   lo   | True |         127.0.0.1          |   255.0.0.0   |   .   |         .         |
[   25.393036] cloud-init[1000]: ci-info: |   lo   | True |          ::1/128           |       .       |  host |         .         |
[   25.393725] cloud-init[1000]: ci-info: +--------+------+----------------------------+---------------+-------+-------------------+
[[0;32m  OK  [0m] Started Daily Cleanup of Temporary Directories.
[   25.394118] cloud-init[1000]: ci-info: +++++++++++++++++++++++++++Route IPv4 info++++++++++++++++++++++++++++
[   25.904687] cloud-init[1000]: ci-info: +-------+-------------+----------+---------------+-----------+-------+
[   25.905414] cloud-init[1000]: ci-info: | Route | Destination | Gateway  |    Genmask    | Interface | Flags |
         Starting LXD - unix socket.
[   25.905852] cloud-init[1000]: ci-info: +-------+-------------+----------+---------------+-----------+-------+
[   26.152464] cloud-init[1000]: ci-info: |   0   |   0.0.0.0   | 10.0.2.2 |    0.0.0.0    |   enp0s3  |   UG  |
[   26.152901] cloud-init[1000]: ci-info: |   1   |   10.0.2.0  | 0.0.0.0  | 255.255.255.0 |   enp0s3  |   U   |
[[0;32m  OK  [0m] Started Daily apt download activities.
[[   26.153112] cloud-init[1000]: ci-info: +-------+-------------+----------+---------------+-----------+-------+
[0;32m  OK  [0m] Started Daily apt upgrade and clean activities.
[[0;32m  OK  [0m] Reached target Timers.
[[0;32m  OK  [0m] Listening on ACPID Listen Socket.
[[0;32m  OK  [0m] Reached target Network is Online.
         Starting iSCSI initiator daemon (iscsid)...
[[0;32m  OK  [0m] Listening on Socket activation for snappy daemon.
[[0;32m  OK  [0m] Listening on LXD - unix socket.
[[0;32m  OK  [0m] Reached target Sockets.
[[0;32m  OK  [0m] Reached target Basic System.
         Starting LSB: MD monitoring daemon...
         Starting /etc/rc.local Compatibility...
         Starting Login Service...
         Starting LSB: Record successful boot for GRUB...
         Starting Accounts Service...
         Starting System Logging Service...
[[0;32m  OK  [0m] Started D-Bus System Message Bus.
         Starting OpenBSD Secure Shell server...
[[0;32m  OK  [0m] Started Unattended Upgrades Shutdown.
[[0;32m  OK  [0m] Started Deferred execution scheduler.
         Starting Apply the settings specified in cloud-config...
         Starting Virtualbox guest utils...
         Starting LXD - container startup/shutdown...
[[0;32m  OK  [0m] Started FUSE filesystem for LXC.
[[0;32m  OK  [0m] Started ACPI event daemon.
[[0;32m  OK  [0m] Started Regular background program processing daemon.
         Starting Snappy daemon...
[[0;32m  OK  [0m] Started System Logging Service.
[[0;32m  OK  [0m] Started OpenBSD Secure Shell server.
[[0;32m  OK  [0m] Started iSCSI initiator daemon (iscsid).
[[0;32m  OK  [0m] Started /etc/rc.local Compatibility.
[   28.247145] cloud-init[1089]: Cloud-init v. 18.2 running 'modules:config' at Mon, 18 Jun 2018 00:58:31 +0000. Up 28.01 seconds.
[[0;32m  OK  [0m] Started LXD - container startup/shutdown.
[[0;32m  OK  [0m] Started Apply the settings specified in cloud-config.
[[0;32m  OK  [0m] Started Snappy daemon.
[[0;32m  OK  [0m] Started LSB: MD monitoring daemon.
[[0;32m  OK  [0m] Started LSB: Record successful boot for GRUB.
[[0;32m  OK  [0m] Started Login Service.
[[0;32m  OK  [0m] Started Virtualbox guest utils.
         Starting Authenticate and Authorize Users to Run Privileged Tasks...
         Starting Wait until snapd is fully seeded...
         Starting Login to default iSCSI targets...
[[0;32m  OK  [0m] Started Wait until snapd is fully seeded.
[[0;32m  OK  [0m] Started Authenticate and Authorize Users to Run Privileged Tasks.
[[0;32m  OK  [0m] Started Accounts Service.
[[0;32m  OK  [0m] Started Login to default iSCSI targets.
[[0;32m  OK  [0m] Reached target Remote File Systems (Pre).
[[0;32m  OK  [0m] Reached target Remote File Systems.
         Starting Permit User Sessions...
         Starting LSB: automatic crash report generation...
         Starting LSB: daemon to balance interrupts for SMP systems...
         Starting LSB: Set the CPU Frequency Scaling governor to "ondemand"...
[[0;32m  OK  [0m] Started Permit User Sessions.
         Starting Terminate Plymouth Boot Screen...
         Starting Hold until boot process finishes up...
[[0;32m  OK  [0m] Started LSB: automatic crash report generation.
[[0;32m  OK  [0m] Started LSB: daemon to balance interrupts for SMP systems.
[[0;32m  OK  [0m] Started LSB: Set the CPU Frequency Scaling governor to "ondemand".
[[0;32m  OK  [0m] Started Terminate Plymouth Boot Screen.
[[0;32m  OK  [0m] Started Hold until boot process finishes up.
[[0;32m  OK  [0m] Started Getty on tty1.
[[0;32m  OK  [0m] Started Serial Getty on ttyS0.
[[0;32m  OK  [0m] Reached target Login Prompts.
         Starting Set console scheme...
[[0;32m  OK  [0m] Reached target Multi-User System.
         Starting Execute cloud user/final scripts...
[[0;32m  OK  [0m] Reached target Graphical Interface.
         Starting Update UTMP about System Runlevel Changes...
[[0;32m  OK  [0m] Started Set console scheme.
[[0;32m  OK  [0m] Started Update UTMP about System Runlevel Changes.
[[0;32m  OK  [0m] Created slice User Slice of vagrant.
         Starting User Manager for UID 1000...
[[0;32m  OK  [0m] Started User Manager for UID 1000.
[[0;32m  OK  [0m] Started Session 1 of user vagrant.
[   31.273223] cloud-init[1236]: Cloud-init v. 18.2 running 'modules:final' at Mon, 18 Jun 2018 00:58:34 +0000. Up 31.10 seconds.
[   31.352952] [cloud-init[0;32m  OK  [0m[1236]: ] Cloud-init v. 18.2 finished at Mon, 18 Jun 2018 00:58:34 +0000. Datasource DataSourceNoCloud [seed=/dev/sdb][dsmode=net].  Up 31.26 secondsStarted Execute cloud user/final scripts.

         Starting Daily apt download activities...
[[0;32m  OK  [0m] Reached target Cloud-init target.
         Stopping User Manager for UID 1000...
[[0;32m  OK  [0m] Stopped User Manager for UID 1000.
[[0;32m  OK  [0m] Removed slice User Slice of vagrant.

Ubuntu 16.04.4 LTS ubuntu-xenial ttyS0

ubuntu-xenial login: 